#
# There is insufficient memory for the Java Runtime Environment to continue.
# Native memory allocation (mmap) failed to map 536870912 bytes for G1 virtual space
# Possible reasons:
#   The system is out of physical RAM or swap space
#   The process is running with CompressedOops enabled, and the Java Heap may be blocking the growth of the native heap
# Possible solutions:
#   Reduce memory load on the system
#   Increase physical memory or swap space
#   Check if swap backing store is full
#   Decrease Java heap size (-Xmx/-Xms)
#   Decrease number of Java threads
#   Decrease Java thread stack sizes (-Xss)
#   Set larger code cache with -XX:ReservedCodeCacheSize=
#   JVM is running with Zero Based Compressed Oops mode in which the Java heap is
#     placed in the first 32GB address space. The Java Heap base address is the
#     maximum limit for the native heap growth. Please use -XX:HeapBaseMinAddress
#     to set the Java Heap base and to place the Java Heap above 32GB virtual address.
# This output file may be truncated or incomplete.
#
#  Out of Memory Error (os_windows.cpp:3548), pid=14980, tid=14344
#
# JRE version:  (17.0.11+7) (build )
# Java VM: Java HotSpot(TM) 64-Bit Server VM (17.0.11+7-LTS-207, mixed mode, emulated-client, sharing, tiered, compressed oops, compressed class ptrs, g1 gc, windows-amd64)
# No core dump will be written. Minidumps are not enabled by default on client versions of Windows
#

---------------  S U M M A R Y ------------

Command Line: -agentlib:jdwp=transport=dt_socket,address=127.0.0.1:1468,suspend=y,server=n -XX:TieredStopAtLevel=1 -Dspring.output.ansi.enabled=always -Dcom.sun.management.jmxremote -Dspring.jmx.enabled=true -Dspring.liveBeansView.mbeanDomain -Dspring.application.admin.enabled=true -Dmanagement.endpoints.jmx.exposure.include=* -javaagent:C:\Users\yang\AppData\Local\JetBrains\IntelliJIdea2023.2\captureAgent\debugger-agent.jar=file:/C:/Users/yang/AppData/Local/Temp/capture.props -Dfile.encoding=UTF-8 com.nailao.shortlink.admin.ShortLinkAdminApplication

Host: Intel(R) Core(TM) i5-9300H CPU @ 2.40GHz, 8 cores, 31G,  Windows 11 , 64 bit Build 22621 (10.0.22621.3646)
Time: Mon Jun 10 13:36:05 2024  Windows 11 , 64 bit Build 22621 (10.0.22621.3646) elapsed time: 0.072901 seconds (0d 0h 0m 0s)

---------------  T H R E A D  ---------------

Current thread (0x0000026eb5556c90):  JavaThread "Unknown thread" [_thread_in_vm, id=14344, stack(0x000000d5ca500000,0x000000d5ca600000)]

Stack: [0x000000d5ca500000,0x000000d5ca600000]
Native frames: (J=compiled Java code, j=interpreted, Vv=VM code, C=native code)
V  [jvm.dll+0x679cca]
V  [jvm.dll+0x7da13d]
V  [jvm.dll+0x7dba83]
V  [jvm.dll+0x7dc0f3]
V  [jvm.dll+0x2449af]
V  [jvm.dll+0x676ce9]
V  [jvm.dll+0x66b852]
V  [jvm.dll+0x3018d6]
V  [jvm.dll+0x308e76]
V  [jvm.dll+0x3596ee]
V  [jvm.dll+0x35991f]
V  [jvm.dll+0x2d89a8]
V  [jvm.dll+0x2d9914]
V  [jvm.dll+0x7ac6b1]
V  [jvm.dll+0x366f61]
V  [jvm.dll+0x78b609]
V  [jvm.dll+0x3ec22f]
V  [jvm.dll+0x3ede61]
C  [jli.dll+0x5297]
C  [ucrtbase.dll+0x29333]
C  [KERNEL32.DLL+0x1257d]
C  [ntdll.dll+0x5aa48]


---------------  P R O C E S S  ---------------

Threads class SMR info:
_java_thread_list=0x00007ffffec07a18, length=0, elements={
}

Java Threads: ( => current thread )

Other Threads:
  0x0000026eb55cdae0 GCTaskThread "GC Thread#0" [stack: 0x000000d5ca600000,0x000000d5ca700000] [id=25024]
  0x0000026eb55de8c0 ConcurrentGCThread "G1 Main Marker" [stack: 0x000000d5ca700000,0x000000d5ca800000] [id=11828]
  0x0000026eb55dfa70 ConcurrentGCThread "G1 Conc#0" [stack: 0x000000d5ca800000,0x000000d5ca900000] [id=14036]

[error occurred during error reporting (printing all threads), id 0xc0000005, EXCEPTION_ACCESS_VIOLATION (0xc0000005) at pc=0x00007ffffe439497]

VM state: not at safepoint (not fully initialized)

VM Mutex/Monitor currently owned by a thread:  ([mutex/lock_event])
[0x0000026eb5559270] Heap_lock - owner thread: 0x0000026eb5556c90

Heap address: 0x0000000601000000, size: 8176 MB, Compressed Oops mode: Zero based, Oop shift amount: 3

CDS archive(s) mapped at: [0x0000000000000000-0x0000000000000000-0x0000000000000000), size 0, SharedBaseAddress: 0x0000000800000000, ArchiveRelocationMode: 1.
Narrow klass base: 0x0000000000000000, Narrow klass shift: 0, Narrow klass range: 0x0

GC Precious Log:
<Empty>

Heap:
 garbage-first heap   total 0K, used 0K [0x0000000601000000, 0x0000000800000000)
  region size 4096K, 0 young (0K), 0 survivors (0K)

[error occurred during error reporting (printing heap information), id 0xc0000005, EXCEPTION_ACCESS_VIOLATION (0xc0000005) at pc=0x00007ffffe823559]

GC Heap History (0 events):
No events

Deoptimization events (0 events):
No events

Classes unloaded (0 events):
No events

Classes redefined (0 events):
No events

Internal exceptions (0 events):
No events

VM Operations (0 events):
No events

Events (2 events):
Event: 0.057 Loaded shared library C:\Program Files\Java\jdk-17_windows-x64_bin\jdk-17.0.11\bin\java.dll
Event: 0.065 Loaded shared library C:\Program Files\Java\jdk-17_windows-x64_bin\jdk-17.0.11\bin\zip.dll


Dynamic libraries:
0x00007ff783b70000 - 0x00007ff783b80000 	C:\Program Files\Java\jdk-17_windows-x64_bin\jdk-17.0.11\bin\java.exe
0x00007ff8bb110000 - 0x00007ff8bb327000 	C:\WINDOWS\SYSTEM32\ntdll.dll
0x00007ff8ba290000 - 0x00007ff8ba354000 	C:\WINDOWS\System32\KERNEL32.DLL
0x00007ff8b89e0000 - 0x00007ff8b8d8d000 	C:\WINDOWS\System32\KERNELBASE.dll
0x00007ff8b8770000 - 0x00007ff8b8881000 	C:\WINDOWS\System32\ucrtbase.dll
0x00007ff87d9c0000 - 0x00007ff87d9db000 	C:\Program Files\Java\jdk-17_windows-x64_bin\jdk-17.0.11\bin\VCRUNTIME140.dll
0x00007ff8739d0000 - 0x00007ff8739e9000 	C:\Program Files\Java\jdk-17_windows-x64_bin\jdk-17.0.11\bin\jli.dll
0x00007ff8ba520000 - 0x00007ff8ba5d2000 	C:\WINDOWS\System32\ADVAPI32.dll
0x00007ff8ba360000 - 0x00007ff8ba407000 	C:\WINDOWS\System32\msvcrt.dll
0x00007ff8ba1e0000 - 0x00007ff8ba288000 	C:\WINDOWS\System32\sechost.dll
0x00007ff8b8890000 - 0x00007ff8b88b8000 	C:\WINDOWS\System32\bcrypt.dll
0x00007ff8b92e0000 - 0x00007ff8b93f5000 	C:\WINDOWS\System32\RPCRT4.dll
0x00007ff8b9400000 - 0x00007ff8b95ae000 	C:\WINDOWS\System32\USER32.dll
0x00007ff8b85d0000 - 0x00007ff8b85f6000 	C:\WINDOWS\System32\win32u.dll
0x00007ff8b97c0000 - 0x00007ff8b97e9000 	C:\WINDOWS\System32\GDI32.dll
0x00007ff8b88c0000 - 0x00007ff8b89d9000 	C:\WINDOWS\System32\gdi32full.dll
0x00007ff8b8530000 - 0x00007ff8b85ca000 	C:\WINDOWS\System32\msvcp_win.dll
0x00007ff8a5d80000 - 0x00007ff8a6013000 	C:\WINDOWS\WinSxS\amd64_microsoft.windows.common-controls_6595b64144ccf1df_6.0.22621.3646_none_27105dd3738543d4\COMCTL32.dll
0x00007ff8b0840000 - 0x00007ff8b084a000 	C:\WINDOWS\SYSTEM32\VERSION.dll
0x00007ff8b95c0000 - 0x00007ff8b95f1000 	C:\WINDOWS\System32\IMM32.DLL
0x00007ff87ead0000 - 0x00007ff87eadc000 	C:\Program Files\Java\jdk-17_windows-x64_bin\jdk-17.0.11\bin\vcruntime140_1.dll
0x00007ff828b70000 - 0x00007ff828bfe000 	C:\Program Files\Java\jdk-17_windows-x64_bin\jdk-17.0.11\bin\msvcp140.dll
0x00007ffffe150000 - 0x00007ffffed30000 	C:\Program Files\Java\jdk-17_windows-x64_bin\jdk-17.0.11\bin\server\jvm.dll
0x00007ff8b92d0000 - 0x00007ff8b92d8000 	C:\WINDOWS\System32\PSAPI.DLL
0x00007ff8a2300000 - 0x00007ff8a2309000 	C:\WINDOWS\SYSTEM32\WSOCK32.dll
0x00007ff8b0d40000 - 0x00007ff8b0d74000 	C:\WINDOWS\SYSTEM32\WINMM.dll
0x00007ff8baef0000 - 0x00007ff8baf61000 	C:\WINDOWS\System32\WS2_32.dll
0x00007ff8b7470000 - 0x00007ff8b7488000 	C:\WINDOWS\SYSTEM32\kernel.appcore.dll
0x00007ff87e8f0000 - 0x00007ff87e8fa000 	C:\Program Files\Java\jdk-17_windows-x64_bin\jdk-17.0.11\bin\jimage.dll
0x00007ff8b5980000 - 0x00007ff8b5bb2000 	C:\WINDOWS\SYSTEM32\DBGHELP.DLL
0x00007ff8ba5e0000 - 0x00007ff8ba968000 	C:\WINDOWS\System32\combase.dll
0x00007ff8bacb0000 - 0x00007ff8bad87000 	C:\WINDOWS\System32\OLEAUT32.dll
0x00007ff8ace40000 - 0x00007ff8ace72000 	C:\WINDOWS\SYSTEM32\dbgcore.DLL
0x00007ff8b8440000 - 0x00007ff8b84bb000 	C:\WINDOWS\System32\bcryptPrimitives.dll
0x00007ff890720000 - 0x00007ff89075b000 	C:\Program Files\Java\jdk-17_windows-x64_bin\jdk-17.0.11\bin\jdwp.dll
0x00007ff8a1970000 - 0x00007ff8a197e000 	C:\Program Files\Java\jdk-17_windows-x64_bin\jdk-17.0.11\bin\instrument.dll
0x00007ff850780000 - 0x00007ff8507a5000 	C:\Program Files\Java\jdk-17_windows-x64_bin\jdk-17.0.11\bin\java.dll
0x00007ff8660b0000 - 0x00007ff8660c8000 	C:\Program Files\Java\jdk-17_windows-x64_bin\jdk-17.0.11\bin\zip.dll

dbghelp: loaded successfully - version: 4.0.5 - missing functions: none
symbol engine: initialized successfully - sym options: 0x614 - pdb path: .;C:\Program Files\Java\jdk-17_windows-x64_bin\jdk-17.0.11\bin;C:\WINDOWS\SYSTEM32;C:\WINDOWS\WinSxS\amd64_microsoft.windows.common-controls_6595b64144ccf1df_6.0.22621.3646_none_27105dd3738543d4;C:\Program Files\Java\jdk-17_windows-x64_bin\jdk-17.0.11\bin\server

VM Arguments:
jvm_args: -agentlib:jdwp=transport=dt_socket,address=127.0.0.1:1468,suspend=y,server=n -XX:TieredStopAtLevel=1 -Dspring.output.ansi.enabled=always -Dcom.sun.management.jmxremote -Dspring.jmx.enabled=true -Dspring.liveBeansView.mbeanDomain -Dspring.application.admin.enabled=true -Dmanagement.endpoints.jmx.exposure.include=* -javaagent:C:\Users\yang\AppData\Local\JetBrains\IntelliJIdea2023.2\captureAgent\debugger-agent.jar=file:/C:/Users/yang/AppData/Local/Temp/capture.props -Dfile.encoding=UTF-8 
java_command: com.nailao.shortlink.admin.ShortLinkAdminApplication
java_class_path (initial): E:\project\mage\short-link\nailao-shortlink\admin\target\classes;C:\Users\yang\.m2\repository\org\springframework\boot\spring-boot-starter-web\3.0.7\spring-boot-starter-web-3.0.7.jar;C:\Users\yang\.m2\repository\org\springframework\boot\spring-boot-starter\3.0.7\spring-boot-starter-3.0.7.jar;C:\Users\yang\.m2\repository\org\springframework\boot\spring-boot\3.0.7\spring-boot-3.0.7.jar;C:\Users\yang\.m2\repository\org\springframework\boot\spring-boot-starter-logging\3.0.7\spring-boot-starter-logging-3.0.7.jar;C:\Users\yang\.m2\repository\org\apache\logging\log4j\log4j-to-slf4j\2.19.0\log4j-to-slf4j-2.19.0.jar;C:\Users\yang\.m2\repository\org\apache\logging\log4j\log4j-api\2.19.0\log4j-api-2.19.0.jar;C:\Users\yang\.m2\repository\jakarta\annotation\jakarta.annotation-api\2.1.1\jakarta.annotation-api-2.1.1.jar;C:\Users\yang\.m2\repository\org\springframework\spring-core\6.0.9\spring-core-6.0.9.jar;C:\Users\yang\.m2\repository\org\springframework\spring-jcl\6.0.9\spring-jcl-6.0.9.jar;C:\Users\yang\.m2\repository\org\yaml\snakeyaml\1.33\snakeyaml-1.33.jar;C:\Users\yang\.m2\repository\org\springframework\boot\spring-boot-starter-json\3.0.7\spring-boot-starter-json-3.0.7.jar;C:\Users\yang\.m2\repository\com\fasterxml\jackson\core\jackson-databind\2.14.3\jackson-databind-2.14.3.jar;C:\Users\yang\.m2\repository\com\fasterxml\jackson\datatype\jackson-datatype-jdk8\2.14.3\jackson-datatype-jdk8-2.14.3.jar;C:\Users\yang\.m2\repository\com\fasterxml\jackson\datatype\jackson-datatype-jsr310\2.14.3\jackson-datatype-jsr310-2.14.3.jar;C:\Users\yang\.m2\repository\com\fasterxml\jackson\module\jackson-module-parameter-names\2.14.3\jackson-module-parameter-names-2.14.3.jar;C:\Users\yang\.m2\repository\org\springframework\boot\spring-boot-starter-tomcat\3.0.7\spring-boot-starter-tomcat-3.0.7.jar;C:\Users\yang\.m2\repository\org\apache\tomcat\embed\tomcat-embed-core\10.1.8\tomcat-embed-core-10.1.8.jar;C:\Users\yang\.m2\repository\org\apache\tomcat\embed\tomcat-e
Launcher Type: SUN_STANDARD

[Global flags]
     intx CICompilerCount                          = 4                                         {product} {ergonomic}
     uint ConcGCThreads                            = 2                                         {product} {ergonomic}
     uint G1ConcRefinementThreads                  = 8                                         {product} {ergonomic}
   size_t G1HeapRegionSize                         = 4194304                                   {product} {ergonomic}
    uintx GCDrainStackTargetSize                   = 64                                        {product} {ergonomic}
   size_t InitialHeapSize                          = 536870912                                 {product} {ergonomic}
     bool ManagementServer                         = true                                      {product} {command line}
   size_t MarkStackSize                            = 4194304                                   {product} {ergonomic}
   size_t MaxHeapSize                              = 8573157376                                {product} {ergonomic}
   size_t MinHeapDeltaBytes                        = 4194304                                   {product} {ergonomic}
   size_t MinHeapSize                              = 8388608                                   {product} {ergonomic}
    uintx NonProfiledCodeHeapSize                  = 0                                      {pd product} {ergonomic}
     bool ProfileInterpreter                       = false                                  {pd product} {command line}
    uintx ProfiledCodeHeapSize                     = 0                                      {pd product} {ergonomic}
   size_t SoftMaxHeapSize                          = 8573157376                             {manageable} {ergonomic}
     intx TieredStopAtLevel                        = 1                                         {product} {command line}
     bool UseCompressedClassPointers               = true                           {product lp64_product} {ergonomic}
     bool UseCompressedOops                        = true                           {product lp64_product} {ergonomic}
     bool UseG1GC                                  = true                                      {product} {ergonomic}
     bool UseLargePagesIndividualAllocation        = false                                  {pd product} {ergonomic}

Logging:
Log output configuration:
 #0: stdout all=warning uptime,level,tags
 #1: stderr all=off uptime,level,tags

Environment Variables:
JAVA_HOME=C:\Users\yang\.jdks\corretto-11.0.15
CLASSPATH=.;C:\Users\yang\.jdks\corretto-11.0.15\lib\dt.jar;C:\Users\yang\.jdks\corretto-11.0.15\lib\tools.jar;
PATH=C:\Program Files\NVIDIA GPU Computing Toolkit\CUDA\v10.1\bin;C:\Program Files\NVIDIA GPU Computing Toolkit\CUDA\v10.1\libnvvp;E:\technique\xuniji\VMware\VMware Workstation\bin\;E:\technique\c\mingw64\bin;C:\Users\yang\.jdks\corretto-11.0.15\jre\bin;C:\Users\yang\.jdks\corretto-11.0.15\bin;E:\technique\sql\mysql\mysql-8.0.27-winx64\bin;C:\Program Files\Microsoft MPI\Bin\;E:\gvim\GIVM(1)\新建文件夹\dev c++\Dev-Cpp\MinGW32\bin;E:\gim\GIVM(1)\新建文件夹\dev c++\Dev-Cpp\MinGW32\lib;D:\GVM\新建文件夹\dev c++\Dev-Cpp\MinGW32\binVM\新文件夹\dev c++\Dev-Cpp\MinGW32\lib;C:\WINDOWS;C:\WINDOWS\System32\Wbem;C:\WINDOWS\System32\WindowsPowerShell\v1.0\;C:\WINDOWS\System32\OpenSSH\;C:\Program Files (x86)\NVIDIA Corporation\PhysX\Common;C:\Program Files\Pandoc\;E:\technique\vscode\Git\Git\cmd;E:\technique\vscode\Git\Git\bin;E:\technique\Xshell\;E:\technique\Nodejs\node_global;E:\technique\Xftp7\Xftp7Personal\;C:\WINDOWS\system32;C:\WINDOWS;C:\WINDOWS\System32\Wbem;C:\WINDOWS\System32\WindowsPowerShell\v1.0\;C:\WINDOWS\System32\OpenSSH\;C:\Program Files\dotnet\;C:\Program Files (x86)\Windows Kits\8.1\Windows Performance Toolkit\;C:\Program Files (x86)\Microsoft Visual Studio 14.0\VC\bin;C:\Program Files\Redis\;E:\technique\Nodejs\node_global;C:\Program Files\NVIDIA Corporation\NVSMI;C:\Windows\System32;C:\Program Files\NVIDIA Corporation\Nsight Compute 2019.1\;C:\Program Files\NVIDIA Corporation\NVIDIA NvDLISR;C:\Program Files\NVIDIA GPU Computing Toolkit\CUDA\v10.1\bin;C:\Program Files\NVIDIA GPU Computing Toolkit\CUDA\v10.1\libnvvp;C:\Program Files\NVIDIA GPU Computing Toolkit\CUDA\v10.1\lib;C:\Program Files\NVIDIA GPU Computing Toolkit\CUDA\v10.1\include;;C:\Program Files (x86)\ZeroTier\One\;E:\technique\texlive\tex\2020\bin\win32;E:\technique\ffmpeg\ffmpeg-6.0-essentials_build\bin;C:\Program Files\Microsoft SQL Server\Client SDK\ODBC\170\Tools\Binn\;C:\Program Files\Microsoft SQL Server\150\DTS\Binn\;C:\Program Files\Microsoft SQL Server\150\Tools\Binn\;E:\daima\Train_ticket\e
USERNAME=yang
OS=Windows_NT
PROCESSOR_IDENTIFIER=Intel64 Family 6 Model 158 Stepping 10, GenuineIntel



---------------  S Y S T E M  ---------------

OS:
 Windows 11 , 64 bit Build 22621 (10.0.22621.3646)
OS uptime: 2 days 8:05 hours

CPU: total 8 (initial active 8) (4 cores per cpu, 2 threads per core) family 6 model 158 stepping 10 microcode 0xde, cx8, cmov, fxsr, ht, mmx, 3dnowpref, sse, sse2, sse3, ssse3, sse4.1, sse4.2, popcnt, lzcnt, tsc, tscinvbit, avx, avx2, aes, erms, clmul, bmi1, bmi2, adx, fma, vzeroupper, clflush, clflushopt

Memory: 4k page, system-wide physical 32688M (12447M free)
TotalPageFile size 32688M (AvailPageFile size 512M)
current process WorkingSet (physical memory assigned to process): 12M, peak: 12M
current process commit charge ("private bytes"): 56M, peak: 568M

vm_info: Java HotSpot(TM) 64-Bit Server VM (17.0.11+7-LTS-207) for windows-amd64 JRE (17.0.11+7-LTS-207), built on Mar 11 2024 19:01:50 by "mach5one" with MS VC++ 17.6 (VS2022)

END.
